<?xml version="1.0" encoding="UTF-8"?>
<!-- Generated by org.testng.reporters.JUnitXMLReporter -->
<testsuite hostname="NORIHUELA10" ignored="0" name="Default test" tests="3" failures="0" timestamp="2020-09-28T20:19:58 ART" time="7.673" errors="0">
  <testcase name="crearCuentaInvalida" time="2.457" classname="pruebas.Test_Laboratorio4_E2"/>
  <testcase name="crearCuentaInvalida" time="2.014" classname="pruebas.Test_Laboratorio4_E2"/>
  <testcase name="crearCuentaInvalida" time="1.982" classname="pruebas.Test_Laboratorio4_E2"/>
</testsuite> <!-- Default test -->
