<?xml version="1.0" encoding="UTF-8"?>
<!-- Generated by org.testng.reporters.JUnitXMLReporter -->
<testsuite hostname="NORIHUELA10" ignored="1" name="Test" tests="2" failures="0" timestamp="2020-09-21T19:11:01 ART" time="23.476" errors="0">
  <testcase name="irRegistroLogin" time="3.483" classname="pruebas.Laboratorio3_E2"/>
  <testcase name="registroUsuario" time="7.273" classname="pruebas.Laboratorio3_E1"/>
  <testcase name="prueba" time="0.0" classname="pruebas.Laboratorio3_E1">
    <ignored/>
  </testcase> <!-- prueba -->
</testsuite> <!-- Test -->
